# JRE version: Java(TM) SE Runtime Environment (8.0_45-b14) (build 1.8.0_45-b14)
# Java VM: Java HotSpot(TM) 64-Bit Server VM (25.45-b02 mixed mode linux-amd64 compressed oops)
Heap:
 PSYoungGen      total 543744K, used 5825K [0x00000000d6780000, 0x00000000f8380000, 0x0000000100000000)
  eden space 534528K, 0% used [0x00000000d6780000,0x00000000d6780000,0x00000000f7180000)
  from space 9216K, 63% used [0x00000000f7180000,0x00000000f77304a0,0x00000000f7a80000)
  to   space 8704K, 0% used [0x00000000f7b00000,0x00000000f7b00000,0x00000000f8380000)
 ParOldGen       total 86016K, used 11961K [0x0000000083600000, 0x0000000088a00000, 0x00000000d6780000)
  object space 86016K, 13% used [0x0000000083600000,0x00000000841ae6a8,0x0000000088a00000)
 Metaspace       used 15214K, capacity 15382K, committed 15744K, reserved 1062912K
  class space    used 1809K, capacity 1898K, committed 1920K, reserved 1048576K
GC Heap History (10 events):
Event: 11.865 GC heap after
Heap after GC invocations=10 (full 0):
 PSYoungGen      total 219136K, used 2272K [0x00000000d6780000, 0x00000000e4780000, 0x0000000100000000)
  eden space 208896K, 0% used [0x00000000d6780000,0x00000000d6780000,0x00000000e3380000)
  from space 10240K, 22% used [0x00000000e3d80000,0x00000000e3fb8000,0x00000000e4780000)
  to   space 10240K, 0% used [0x00000000e3380000,0x00000000e3380000,0x00000000e3d80000)
 ParOldGen       total 86016K, used 11889K [0x0000000083600000, 0x0000000088a00000, 0x00000000d6780000)
  object space 86016K, 13% used [0x0000000083600000,0x000000008419c6a8,0x0000000088a00000)
 Metaspace       used 14941K, capacity 15126K, committed 15488K, reserved 1062912K
  class space    used 1802K, capacity 1898K, committed 1920K, reserved 1048576K
}
Event: 13.493 GC heap before
{Heap before GC invocations=11 (full 0):
 PSYoungGen      total 219136K, used 211168K [0x00000000d6780000, 0x00000000e4780000, 0x0000000100000000)
  eden space 208896K, 100% used [0x00000000d6780000,0x00000000e3380000,0x00000000e3380000)
  from space 10240K, 22% used [0x00000000e3d80000,0x00000000e3fb8000,0x00000000e4780000)
  to   space 10240K, 0% used [0x00000000e3380000,0x00000000e3380000,0x00000000e3d80000)
 ParOldGen       total 86016K, used 11889K [0x0000000083600000, 0x0000000088a00000, 0x00000000d6780000)
  object space 86016K, 13% used [0x0000000083600000,0x000000008419c6a8,0x0000000088a00000)
 Metaspace       used 14976K, capacity 15190K, committed 15488K, reserved 1062912K
  class space    used 1802K, capacity 1898K, committed 1920K, reserved 1048576K
Event: 13.501 GC heap after
Heap after GC invocations=11 (full 0):
 PSYoungGen      total 219136K, used 4449K [0x00000000d6780000, 0x00000000ec100000, 0x0000000100000000)
  eden space 208896K, 0% used [0x00000000d6780000,0x00000000d6780000,0x00000000e3380000)
  from space 10240K, 43% used [0x00000000e3380000,0x00000000e37d84a0,0x00000000e3d80000)
  to   space 9728K, 0% used [0x00000000eb780000,0x00000000eb780000,0x00000000ec100000)
 ParOldGen       total 86016K, used 11897K [0x0000000083600000, 0x0000000088a00000, 0x00000000d6780000)
  object space 86016K, 13% used [0x0000000083600000,0x000000008419e6a8,0x0000000088a00000)
 Metaspace       used 14976K, capacity 15190K, committed 15488K, reserved 1062912K
  class space    used 1802K, capacity 1898K, committed 1920K, reserved 1048576K
}
Event: 15.126 GC heap before
{Heap before GC invocations=12 (full 0):
 PSYoungGen      total 219136K, used 213345K [0x00000000d6780000, 0x00000000ec100000, 0x0000000100000000)
  eden space 208896K, 100% used [0x00000000d6780000,0x00000000e3380000,0x00000000e3380000)
  from space 10240K, 43% used [0x00000000e3380000,0x00000000e37d84a0,0x00000000e3d80000)
  to   space 9728K, 0% used [0x00000000eb780000,0x00000000eb780000,0x00000000ec100000)
 ParOldGen       total 86016K, used 11897K [0x0000000083600000, 0x0000000088a00000, 0x00000000d6780000)
  object space 86016K, 13% used [0x0000000083600000,0x000000008419e6a8,0x0000000088a00000)
 Metaspace       used 15005K, capacity 15190K, committed 15488K, reserved 1062912K
  class space    used 1802K, capacity 1898K, committed 1920K, reserved 1048576K
Event: 15.146 GC heap after
Heap after GC invocations=12 (full 0):
 PSYoungGen      total 343552K, used 960K [0x00000000d6780000, 0x00000000ec200000, 0x0000000100000000)
  eden space 333824K, 0% used [0x00000000d6780000,0x00000000d6780000,0x00000000ead80000)
  from space 9728K, 9% used [0x00000000eb780000,0x00000000eb870000,0x00000000ec100000)
  to   space 10240K, 0% used [0x00000000ead80000,0x00000000ead80000,0x00000000eb780000)
 ParOldGen       total 86016K, used 11897K [0x0000000083600000, 0x0000000088a00000, 0x00000000d6780000)
  object space 86016K, 13% used [0x0000000083600000,0x000000008419e6a8,0x0000000088a00000)
 Metaspace       used 15005K, capacity 15190K, committed 15488K, reserved 1062912K
  class space    used 1802K, capacity 1898K, committed 1920K, reserved 1048576K
}
Event: 23.685 GC heap before
{Heap before GC invocations=13 (full 0):
 PSYoungGen      total 343552K, used 334784K [0x00000000d6780000, 0x00000000ec200000, 0x0000000100000000)
  eden space 333824K, 100% used [0x00000000d6780000,0x00000000ead80000,0x00000000ead80000)
  from space 9728K, 9% used [0x00000000eb780000,0x00000000eb870000,0x00000000ec100000)
  to   space 10240K, 0% used [0x00000000ead80000,0x00000000ead80000,0x00000000eb780000)
 ParOldGen       total 86016K, used 11897K [0x0000000083600000, 0x0000000088a00000, 0x00000000d6780000)
  object space 86016K, 13% used [0x0000000083600000,0x000000008419e6a8,0x0000000088a00000)
 Metaspace       used 15170K, capacity 15382K, committed 15744K, reserved 1062912K
  class space    used 1809K, capacity 1898K, committed 1920K, reserved 1048576K
Event: 23.705 GC heap after
Heap after GC invocations=13 (full 0):
 PSYoungGen      total 344064K, used 3745K [0x00000000d6780000, 0x00000000f8480000, 0x0000000100000000)
  eden space 333824K, 0% used [0x00000000d6780000,0x00000000d6780000,0x00000000ead80000)
  from space 10240K, 36% used [0x00000000ead80000,0x00000000eb1284a0,0x00000000eb780000)
  to   space 9728K, 0% used [0x00000000f7b00000,0x00000000f7b00000,0x00000000f8480000)
 ParOldGen       total 86016K, used 11913K [0x0000000083600000, 0x0000000088a00000, 0x00000000d6780000)
  object space 86016K, 13% used [0x0000000083600000,0x00000000841a26a8,0x0000000088a00000)
 Metaspace       used 15170K, capacity 15382K, committed 15744K, reserved 1062912K
  class space    used 1809K, capacity 1898K, committed 1920K, reserved 1048576K
}
Event: 25.758 GC heap before
{Heap before GC invocations=14 (full 0):
 PSYoungGen      total 344064K, used 337569K [0x00000000d6780000, 0x00000000f8480000, 0x0000000100000000)
  eden space 333824K, 100% used [0x00000000d6780000,0x00000000ead80000,0x00000000ead80000)
  from space 10240K, 36% used [0x00000000ead80000,0x00000000eb1284a0,0x00000000eb780000)
  to   space 9728K, 0% used [0x00000000f7b00000,0x00000000f7b00000,0x00000000f8480000)
 ParOldGen       total 86016K, used 11913K [0x0000000083600000, 0x0000000088a00000, 0x00000000d6780000)
  object space 86016K, 13% used [0x0000000083600000,0x00000000841a26a8,0x0000000088a00000)
 Metaspace       used 15200K, capacity 15382K, committed 15744K, reserved 1062912K
  class space    used 1809K, capacity 1898K, committed 1920K, reserved 1048576K
Event: 25.761 GC heap after
Heap after GC invocations=14 (full 0):
 PSYoungGen      total 543232K, used 4081K [0x00000000d6780000, 0x00000000f8380000, 0x0000000100000000)
  eden space 534528K, 0% used [0x00000000d6780000,0x00000000d6780000,0x00000000f7180000)
  from space 8704K, 46% used [0x00000000f7b00000,0x00000000f7efc6f0,0x00000000f8380000)
  to   space 9216K, 0% used [0x00000000f7180000,0x00000000f7180000,0x00000000f7a80000)
 ParOldGen       total 86016K, used 11953K [0x0000000083600000, 0x0000000088a00000, 0x00000000d6780000)
  object space 86016K, 13% used [0x0000000083600000,0x00000000841ac6a8,0x0000000088a00000)
 Metaspace       used 15200K, capacity 15382K, committed 15744K, reserved 1062912K
  class space    used 1809K, capacity 1898K, committed 1920K, reserved 1048576K
}
Event: 26.887 GC heap before
{Heap before GC invocations=15 (full 0):
 PSYoungGen      total 543232K, used 538609K [0x00000000d6780000, 0x00000000f8380000, 0x0000000100000000)
  eden space 534528K, 100% used [0x00000000d6780000,0x00000000f7180000,0x00000000f7180000)
  from space 8704K, 46% used [0x00000000f7b00000,0x00000000f7efc6f0,0x00000000f8380000)
  to   space 9216K, 0% used [0x00000000f7180000,0x00000000f7180000,0x00000000f7a80000)
 ParOldGen       total 86016K, used 11953K [0x0000000083600000, 0x0000000088a00000, 0x00000000d6780000)
  object space 86016K, 13% used [0x0000000083600000,0x00000000841ac6a8,0x0000000088a00000)
 Metaspace       used 15214K, capacity 15382K, committed 15744K, reserved 1062912K
  class space    used 1809K, capacity 1898K, committed 1920K, reserved 1048576K

